<?xml version="1.0" encoding="UTF-8"?>
<beans xmlns="http://www.springframework.org/schema/beans"
	xmlns:xsi="http://www.w3.org/2001/XMLSchema-instance"
	xmlns:neo4j="http://www.springframework.org/schema/data/neo4j"
	xmlns:context="http://www.springframework.org/schema/context"
	xsi:schemaLocation="http://www.springframework.org/schema/beans 
				http://www.springframework.org/schema/beans/spring-beans-3.0.xsd
				http://www.springframework.org/schema/data/neo4j
				http://www.springframework.org/schema/data/neo4j/spring-neo4j-2.0.xsd
				http://www.springframework.org/schema/context 
				http://www.springframework.org/schema/context/spring-context-3.1.xsd">								
				
	<import resource="../spring/root-context.xml"/>
	
	<import resource="../spring/servlet-context.xml"/>
	
	<import resource="../spring/integration-context.xml"/>				
	
	<!-- Make sure all integration points are at least able to start up each one
	     will eventually have its own test as well to ensure everything works as
		 expected and we can also track round trip time metrics -->
	<import resource="../spring/integration/rmi.xml"/>	
	<import resource="../spring/integration/tcp.xml"/>

	<!-- Testing - make sure we override the db location -->
	<neo4j:config graphDatabaseService="graphDatabaseService"/>
	<bean id="graphDatabaseService" class="org.neo4j.kernel.EmbeddedGraphDatabase" destroy-method="shutdown">
		<constructor-arg index="0" value="testData/graph.db" />
		<constructor-arg index="1">
			<map>
				<entry key="allow_store_upgrade" value="true"/>
			</map>
		</constructor-arg>
	</bean> 
	
</beans>